2025-10-19 20:34:52 [AWT-EventQueue-0] INFO  RallyMasterApp - Application starting...
2025-10-19 20:34:52 [AWT-EventQueue-0] INFO  RallyMasterApp - No stored credentials found
2025-10-19 20:35:08 [AWT-EventQueue-0] INFO  o.s.r.service.RallyServerClient - Attempting login for user: jpl@showpage.org
2025-10-19 20:35:08 [AWT-EventQueue-0] INFO  o.s.r.service.RallyServerClient - Login successful for user: jpl@showpage.org
2025-10-19 20:35:08 [AWT-EventQueue-0] INFO  o.s.r.service.MacOSKeychainService - Successfully stored password in Keychain for account: jpl@showpage.org
2025-10-19 20:35:34 [AWT-EventQueue-0] INFO  RallyMasterApp - Application starting...
2025-10-19 20:35:34 [AWT-EventQueue-0] DEBUG o.s.r.service.MacOSKeychainService - Successfully retrieved password from Keychain for account: jpl@showpage.org
2025-10-19 20:35:34 [AWT-EventQueue-0] INFO  RallyMasterApp - Found stored credentials, attempting auto-login for: jpl@showpage.org
2025-10-19 20:35:34 [AWT-EventQueue-0] INFO  o.s.r.service.RallyServerClient - Attempting login for user: jpl@showpage.org
2025-10-19 20:35:34 [AWT-EventQueue-0] INFO  o.s.r.service.RallyServerClient - Login successful for user: jpl@showpage.org
2025-10-19 20:35:34 [AWT-EventQueue-0] INFO  RallyMasterApp - Auto-login successful
2025-10-19 20:40:20 [AWT-EventQueue-0] INFO  RallyMasterApp - Application starting...
2025-10-19 20:40:20 [AWT-EventQueue-0] DEBUG o.s.r.service.MacOSKeychainService - Successfully retrieved password from Keychain for account: jpl@showpage.org
2025-10-19 20:40:20 [AWT-EventQueue-0] INFO  RallyMasterApp - Found stored credentials, attempting auto-login for: jpl@showpage.org
2025-10-19 20:40:20 [AWT-EventQueue-0] INFO  o.s.r.service.RallyServerClient - Attempting login for user: jpl@showpage.org
2025-10-19 20:40:20 [AWT-EventQueue-0] INFO  o.s.r.service.RallyServerClient - Login successful for user: jpl@showpage.org
2025-10-19 20:40:20 [AWT-EventQueue-0] INFO  RallyMasterApp - Auto-login successful
2025-10-19 20:40:23 [AWT-EventQueue-0] INFO  o.s.r.service.PreferencesService - Clearing all preferences
2025-10-19 20:40:23 [AWT-EventQueue-0] INFO  o.s.r.service.RallyServerClient - Logging out
2025-10-19 20:40:43 [AWT-EventQueue-0] INFO  o.s.r.service.RallyServerClient - Attempting login for user: jpl@showpage.org
2025-10-19 20:40:44 [AWT-EventQueue-0] INFO  o.s.r.service.RallyServerClient - Login successful for user: jpl@showpage.org
2025-10-19 20:40:44 [AWT-EventQueue-0] INFO  o.s.r.service.MacOSKeychainService - Successfully stored password in Keychain for account: jpl@showpage.org
2025-10-19 20:42:28 [AWT-EventQueue-0] INFO  RallyMasterApp - Application starting...
2025-10-19 20:42:28 [AWT-EventQueue-0] DEBUG o.s.r.service.MacOSKeychainService - Successfully retrieved password from Keychain for account: jpl@showpage.org
2025-10-19 20:42:28 [AWT-EventQueue-0] INFO  RallyMasterApp - Found stored credentials, attempting auto-login for: jpl@showpage.org
2025-10-19 20:42:28 [AWT-EventQueue-0] INFO  o.s.r.service.RallyServerClient - Attempting login for user: jpl@showpage.org
2025-10-19 20:42:28 [AWT-EventQueue-0] INFO  o.s.r.service.RallyServerClient - Login successful for user: jpl@showpage.org
2025-10-19 20:42:28 [AWT-EventQueue-0] INFO  RallyMasterApp - Auto-login successful
2025-10-19 20:42:30 [AWT-EventQueue-0] INFO  o.s.r.service.PreferencesService - Clearing all preferences
2025-10-19 20:42:30 [AWT-EventQueue-0] INFO  o.s.r.service.RallyServerClient - Logging out
2025-10-19 20:42:38 [AWT-EventQueue-0] INFO  o.s.r.service.RallyServerClient - Attempting login for user: jpl@showpage.org
2025-10-19 20:42:38 [AWT-EventQueue-0] INFO  o.s.r.service.RallyServerClient - Login successful for user: jpl@showpage.org
2025-10-19 20:42:38 [AWT-EventQueue-0] INFO  o.s.r.service.MacOSKeychainService - Successfully stored password in Keychain for account: jpl@showpage.org
2025-10-19 20:44:48 [AWT-EventQueue-0] INFO  RallyMasterApp - Application starting...
2025-10-19 20:44:48 [AWT-EventQueue-0] DEBUG o.s.r.service.MacOSKeychainService - Successfully retrieved password from Keychain for account: jpl@showpage.org
2025-10-19 20:44:48 [AWT-EventQueue-0] INFO  RallyMasterApp - Found stored credentials, attempting auto-login for: jpl@showpage.org
2025-10-19 20:44:48 [AWT-EventQueue-0] INFO  o.s.r.service.RallyServerClient - Attempting login for user: jpl@showpage.org
2025-10-19 20:44:48 [AWT-EventQueue-0] INFO  o.s.r.service.RallyServerClient - Login successful for user: jpl@showpage.org
2025-10-19 20:44:48 [AWT-EventQueue-0] INFO  RallyMasterApp - Auto-login successful
2025-10-19 20:44:52 [AWT-EventQueue-0] INFO  RallyMaster - Saving window bounds before exit
2025-10-19 20:44:52 [AWT-EventQueue-0] DEBUG o.s.r.service.PreferencesService - Saved window bounds: x=1115, y=85, width=1200, height=800
2025-10-19 20:44:55 [AWT-EventQueue-0] INFO  RallyMasterApp - Application starting...
2025-10-19 20:44:55 [AWT-EventQueue-0] DEBUG o.s.r.service.MacOSKeychainService - Successfully retrieved password from Keychain for account: jpl@showpage.org
2025-10-19 20:44:55 [AWT-EventQueue-0] INFO  RallyMasterApp - Found stored credentials, attempting auto-login for: jpl@showpage.org
2025-10-19 20:44:55 [AWT-EventQueue-0] INFO  o.s.r.service.RallyServerClient - Attempting login for user: jpl@showpage.org
2025-10-19 20:44:56 [AWT-EventQueue-0] INFO  o.s.r.service.RallyServerClient - Login successful for user: jpl@showpage.org
2025-10-19 20:44:56 [AWT-EventQueue-0] INFO  RallyMasterApp - Auto-login successful
2025-10-19 20:45:23 [AWT-EventQueue-0] INFO  RallyMaster - Saving window bounds before exit
2025-10-19 20:45:23 [AWT-EventQueue-0] DEBUG o.s.r.service.PreferencesService - Saved window bounds: x=1184, y=64, width=1200, height=800
2025-10-19 20:46:40 [AWT-EventQueue-0] INFO  RallyMasterApp - Application starting...
2025-10-19 20:46:41 [AWT-EventQueue-0] DEBUG o.s.r.service.MacOSKeychainService - Successfully retrieved password from Keychain for account: jpl@showpage.org
2025-10-19 20:46:41 [AWT-EventQueue-0] INFO  RallyMasterApp - Found stored credentials, attempting auto-login for: jpl@showpage.org
2025-10-19 20:46:41 [AWT-EventQueue-0] INFO  o.s.r.service.RallyServerClient - Attempting login for user: jpl@showpage.org
2025-10-19 20:46:41 [AWT-EventQueue-0] INFO  o.s.r.service.RallyServerClient - Login successful for user: jpl@showpage.org
2025-10-19 20:46:41 [AWT-EventQueue-0] INFO  RallyMasterApp - Auto-login successful
2025-10-19 20:46:41 [AWT-EventQueue-0] INFO  RallyMasterApp - Splash screen: elapsed=207ms, remaining=2793ms
2025-10-19 20:46:41 [AWT-EventQueue-0] INFO  RallyMasterApp - Delaying for 2793ms to meet minimum splash time
2025-10-19 20:46:43 [AWT-EventQueue-0] INFO  RallyMasterApp - Hiding splash screen
2025-10-19 20:46:47 [AWT-EventQueue-0] INFO  RallyMaster - Saving window bounds before exit
2025-10-19 20:46:47 [AWT-EventQueue-0] DEBUG o.s.r.service.PreferencesService - Saved window bounds: x=1194, y=62, width=1200, height=800
